# JRE version: Java(TM) SE Runtime Environment (8.0_191-b12) (build 1.8.0_191-b12)
# Java VM: Java HotSpot(TM) 64-Bit Server VM (25.191-b12 mixed mode windows-amd64 compressed oops)
Heap:
 PSYoungGen      total 75776K, used 69498K [0x00000000d6e00000, 0x00000000ddb00000, 0x0000000100000000)
  eden space 63488K, 90% used [0x00000000d6e00000,0x00000000da5e1798,0x00000000dac00000)
  from space 12288K, 99% used [0x00000000dcf00000,0x00000000ddafd0a0,0x00000000ddb00000)
  to   space 5120K, 0% used [0x00000000dac00000,0x00000000dac00000,0x00000000db100000)
 ParOldGen       total 71680K, used 23061K [0x0000000084a00000, 0x0000000089000000, 0x00000000d6e00000)
  object space 71680K, 32% used [0x0000000084a00000,0x0000000086085468,0x0000000089000000)
 Metaspace       used 23981K, capacity 24558K, committed 24832K, reserved 1071104K
  class space    used 2783K, capacity 2966K, committed 3072K, reserved 1048576K
GC Heap History (10 events):
Event: 4.312 GC heap before
{Heap before GC invocations=5 (full 0):
 PSYoungGen      total 68608K, used 68600K [0x00000000d6e00000, 0x00000000db600000, 0x0000000100000000)
  eden space 63488K, 100% used [0x00000000d6e00000,0x00000000dac00000,0x00000000dac00000)
  from space 5120K, 99% used [0x00000000db100000,0x00000000db5fe050,0x00000000db600000)
  to   space 5120K, 0% used [0x00000000dac00000,0x00000000dac00000,0x00000000db100000)
 ParOldGen       total 84992K, used 5260K [0x0000000084a00000, 0x0000000089d00000, 0x00000000d6e00000)
  object space 84992K, 6% used [0x0000000084a00000,0x0000000084f233b8,0x0000000089d00000)
 Metaspace       used 17574K, capacity 17990K, committed 18304K, reserved 1064960K
  class space    used 2044K, capacity 2159K, committed 2176K, reserved 1048576K
Event: 4.325 GC heap after
Heap after GC invocations=5 (full 0):
 PSYoungGen      total 68608K, used 5096K [0x00000000d6e00000, 0x00000000db600000, 0x0000000100000000)
  eden space 63488K, 0% used [0x00000000d6e00000,0x00000000d6e00000,0x00000000dac00000)
  from space 5120K, 99% used [0x00000000dac00000,0x00000000db0fa040,0x00000000db100000)
  to   space 5120K, 0% used [0x00000000db100000,0x00000000db100000,0x00000000db600000)
 ParOldGen       total 84992K, used 9396K [0x0000000084a00000, 0x0000000089d00000, 0x00000000d6e00000)
  object space 84992K, 11% used [0x0000000084a00000,0x000000008532d2d8,0x0000000089d00000)
 Metaspace       used 17574K, capacity 17990K, committed 18304K, reserved 1064960K
  class space    used 2044K, capacity 2159K, committed 2176K, reserved 1048576K
}
Event: 5.236 GC heap before
{Heap before GC invocations=6 (full 0):
 PSYoungGen      total 68608K, used 56490K [0x00000000d6e00000, 0x00000000db600000, 0x0000000100000000)
  eden space 63488K, 80% used [0x00000000d6e00000,0x00000000da030850,0x00000000dac00000)
  from space 5120K, 99% used [0x00000000dac00000,0x00000000db0fa040,0x00000000db100000)
  to   space 5120K, 0% used [0x00000000db100000,0x00000000db100000,0x00000000db600000)
 ParOldGen       total 84992K, used 9396K [0x0000000084a00000, 0x0000000089d00000, 0x00000000d6e00000)
  object space 84992K, 11% used [0x0000000084a00000,0x000000008532d2d8,0x0000000089d00000)
 Metaspace       used 20681K, capacity 21162K, committed 21248K, reserved 1069056K
  class space    used 2412K, capacity 2559K, committed 2560K, reserved 1048576K
Event: 5.261 GC heap after
Heap after GC invocations=6 (full 0):
 PSYoungGen      total 68608K, used 5096K [0x00000000d6e00000, 0x00000000db600000, 0x0000000100000000)
  eden space 63488K, 0% used [0x00000000d6e00000,0x00000000d6e00000,0x00000000dac00000)
  from space 5120K, 99% used [0x00000000db100000,0x00000000db5fa020,0x00000000db600000)
  to   space 5120K, 0% used [0x00000000dac00000,0x00000000dac00000,0x00000000db100000)
 ParOldGen       total 84992K, used 14113K [0x0000000084a00000, 0x0000000089d00000, 0x00000000d6e00000)
  object space 84992K, 16% used [0x0000000084a00000,0x00000000857c8610,0x0000000089d00000)
 Metaspace       used 20681K, capacity 21162K, committed 21248K, reserved 1069056K
  class space    used 2412K, capacity 2559K, committed 2560K, reserved 1048576K
}
Event: 5.261 GC heap before
{Heap before GC invocations=7 (full 1):
 PSYoungGen      total 68608K, used 5096K [0x00000000d6e00000, 0x00000000db600000, 0x0000000100000000)
  eden space 63488K, 0% used [0x00000000d6e00000,0x00000000d6e00000,0x00000000dac00000)
  from space 5120K, 99% used [0x00000000db100000,0x00000000db5fa020,0x00000000db600000)
  to   space 5120K, 0% used [0x00000000dac00000,0x00000000dac00000,0x00000000db100000)
 ParOldGen       total 84992K, used 14113K [0x0000000084a00000, 0x0000000089d00000, 0x00000000d6e00000)
  object space 84992K, 16% used [0x0000000084a00000,0x00000000857c8610,0x0000000089d00000)
 Metaspace       used 20681K, capacity 21162K, committed 21248K, reserved 1069056K
  class space    used 2412K, capacity 2559K, committed 2560K, reserved 1048576K
Event: 5.391 GC heap after
Heap after GC invocations=7 (full 1):
 PSYoungGen      total 68608K, used 0K [0x00000000d6e00000, 0x00000000db600000, 0x0000000100000000)
  eden space 63488K, 0% used [0x00000000d6e00000,0x00000000d6e00000,0x00000000dac00000)
  from space 5120K, 0% used [0x00000000db100000,0x00000000db100000,0x00000000db600000)
  to   space 5120K, 0% used [0x00000000dac00000,0x00000000dac00000,0x00000000db100000)
 ParOldGen       total 71680K, used 13830K [0x0000000084a00000, 0x0000000089000000, 0x00000000d6e00000)
  object space 71680K, 19% used [0x0000000084a00000,0x0000000085781808,0x0000000089000000)
 Metaspace       used 20681K, capacity 21162K, committed 21248K, reserved 1069056K
  class space    used 2412K, capacity 2559K, committed 2560K, reserved 1048576K
}
Event: 6.429 GC heap before
{Heap before GC invocations=8 (full 1):
 PSYoungGen      total 68608K, used 63488K [0x00000000d6e00000, 0x00000000db600000, 0x0000000100000000)
  eden space 63488K, 100% used [0x00000000d6e00000,0x00000000dac00000,0x00000000dac00000)
  from space 5120K, 0% used [0x00000000db100000,0x00000000db100000,0x00000000db600000)
  to   space 5120K, 0% used [0x00000000dac00000,0x00000000dac00000,0x00000000db100000)
 ParOldGen       total 71680K, used 13830K [0x0000000084a00000, 0x0000000089000000, 0x00000000d6e00000)
  object space 71680K, 19% used [0x0000000084a00000,0x0000000085781808,0x0000000089000000)
 Metaspace       used 23968K, capacity 24558K, committed 24832K, reserved 1071104K
  class space    used 2783K, capacity 2966K, committed 3072K, reserved 1048576K
Event: 6.442 GC heap after
Heap after GC invocations=8 (full 1):
 PSYoungGen      total 68608K, used 5096K [0x00000000d6e00000, 0x00000000ddb00000, 0x0000000100000000)
  eden space 63488K, 0% used [0x00000000d6e00000,0x00000000d6e00000,0x00000000dac00000)
  from space 5120K, 99% used [0x00000000dac00000,0x00000000db0fa238,0x00000000db100000)
  to   space 12288K, 0% used [0x00000000dcf00000,0x00000000dcf00000,0x00000000ddb00000)
 ParOldGen       total 71680K, used 19639K [0x0000000084a00000, 0x0000000089000000, 0x00000000d6e00000)
  object space 71680K, 27% used [0x0000000084a00000,0x0000000085d2dcd0,0x0000000089000000)
 Metaspace       used 23968K, capacity 24558K, committed 24832K, reserved 1071104K
  class space    used 2783K, capacity 2966K, committed 3072K, reserved 1048576K
}
Event: 6.804 GC heap before
{Heap before GC invocations=9 (full 1):
 PSYoungGen      total 68608K, used 68584K [0x00000000d6e00000, 0x00000000ddb00000, 0x0000000100000000)
  eden space 63488K, 100% used [0x00000000d6e00000,0x00000000dac00000,0x00000000dac00000)
  from space 5120K, 99% used [0x00000000dac00000,0x00000000db0fa238,0x00000000db100000)
  to   space 12288K, 0% used [0x00000000dcf00000,0x00000000dcf00000,0x00000000ddb00000)
 ParOldGen       total 71680K, used 19639K [0x0000000084a00000, 0x0000000089000000, 0x00000000d6e00000)
  object space 71680K, 27% used [0x0000000084a00000,0x0000000085d2dcd0,0x0000000089000000)
 Metaspace       used 23980K, capacity 24558K, committed 24832K, reserved 1071104K
  class space    used 2783K, capacity 2966K, committed 3072K, reserved 1048576K
Event: 6.823 GC heap after
Heap after GC invocations=9 (full 1):
 PSYoungGen      total 75776K, used 12276K [0x00000000d6e00000, 0x00000000ddb00000, 0x0000000100000000)
  eden space 63488K, 0% used [0x00000000d6e00000,0x00000000d6e00000,0x00000000dac00000)
  from space 12288K, 99% used [0x00000000dcf00000,0x00000000ddafd0a0,0x00000000ddb00000)
  to   space 5120K, 0% used [0x00000000dac00000,0x00000000dac00000,0x00000000db100000)
 ParOldGen       total 71680K, used 23061K [0x0000000084a00000, 0x0000000089000000, 0x00000000d6e00000)
  object space 71680K, 32% used [0x0000000084a00000,0x0000000086085468,0x0000000089000000)
 Metaspace       used 23980K, capacity 24558K, committed 24832K, reserved 1071104K
  class space    used 2783K, capacity 2966K, committed 3072K, reserved 1048576K
}

