# JRE version: Java(TM) SE Runtime Environment (8.0_191-b12) (build 1.8.0_191-b12)
# Java VM: Java HotSpot(TM) 64-Bit Server VM (25.191-b12 mixed mode windows-amd64 compressed oops)
Heap:
 PSYoungGen      total 89088K, used 13247K [0x00000000d6e00000, 0x00000000dd680000, 0x0000000100000000)
  eden space 78848K, 3% used [0x00000000d6e00000,0x00000000d70f2c78,0x00000000dbb00000)
  from space 10240K, 99% used [0x00000000dc780000,0x00000000dd17d228,0x00000000dd180000)
  to   space 12800K, 0% used [0x00000000dbb00000,0x00000000dbb00000,0x00000000dc780000)
 ParOldGen       total 63488K, used 40223K [0x0000000084a00000, 0x0000000088800000, 0x00000000d6e00000)
  object space 63488K, 63% used [0x0000000084a00000,0x0000000087147c58,0x0000000088800000)
 Metaspace       used 24036K, capacity 24568K, committed 24832K, reserved 1071104K
  class space    used 2788K, capacity 2968K, committed 3072K, reserved 1048576K
GC Heap History (10 events):
Event: 9.370 GC heap before
{Heap before GC invocations=11 (full 1):
 PSYoungGen      total 71168K, used 71164K [0x00000000d6e00000, 0x00000000dd180000, 0x0000000100000000)
  eden space 62464K, 100% used [0x00000000d6e00000,0x00000000dab00000,0x00000000dab00000)
  from space 8704K, 99% used [0x00000000dab00000,0x00000000db37f098,0x00000000db380000)
  to   space 10240K, 0% used [0x00000000dc780000,0x00000000dc780000,0x00000000dd180000)
 ParOldGen       total 63488K, used 14312K [0x0000000084a00000, 0x0000000088800000, 0x00000000d6e00000)
  object space 63488K, 22% used [0x0000000084a00000,0x00000000857fa178,0x0000000088800000)
 Metaspace       used 24016K, capacity 24536K, committed 24704K, reserved 1071104K
  class space    used 2785K, capacity 2936K, committed 2944K, reserved 1048576K
Event: 9.385 GC heap after
Heap after GC invocations=11 (full 1):
 PSYoungGen      total 89088K, used 10227K [0x00000000d6e00000, 0x00000000dd680000, 0x0000000100000000)
  eden space 78848K, 0% used [0x00000000d6e00000,0x00000000d6e00000,0x00000000dbb00000)
  from space 10240K, 99% used [0x00000000dc780000,0x00000000dd17cc78,0x00000000dd180000)
  to   space 12800K, 0% used [0x00000000dbb00000,0x00000000dbb00000,0x00000000dc780000)
 ParOldGen       total 63488K, used 19316K [0x0000000084a00000, 0x0000000088800000, 0x00000000d6e00000)
  object space 63488K, 30% used [0x0000000084a00000,0x0000000085cdd3d0,0x0000000088800000)
 Metaspace       used 24016K, capacity 24536K, committed 24704K, reserved 1071104K
  class space    used 2785K, capacity 2936K, committed 2944K, reserved 1048576K
}
Event: 9.811 GC heap before
{Heap before GC invocations=12 (full 1):
 PSYoungGen      total 89088K, used 89075K [0x00000000d6e00000, 0x00000000dd680000, 0x0000000100000000)
  eden space 78848K, 100% used [0x00000000d6e00000,0x00000000dbb00000,0x00000000dbb00000)
  from space 10240K, 99% used [0x00000000dc780000,0x00000000dd17cc78,0x00000000dd180000)
  to   space 12800K, 0% used [0x00000000dbb00000,0x00000000dbb00000,0x00000000dc780000)
 ParOldGen       total 63488K, used 19316K [0x0000000084a00000, 0x0000000088800000, 0x00000000d6e00000)
  object space 63488K, 30% used [0x0000000084a00000,0x0000000085cdd3d0,0x0000000088800000)
 Metaspace       used 24028K, capacity 24568K, committed 24832K, reserved 1071104K
  class space    used 2787K, capacity 2968K, committed 3072K, reserved 1048576K
Event: 9.839 GC heap after
Heap after GC invocations=12 (full 1):
 PSYoungGen      total 91648K, used 12783K [0x00000000d6e00000, 0x00000000dd680000, 0x0000000100000000)
  eden space 78848K, 0% used [0x00000000d6e00000,0x00000000d6e00000,0x00000000dbb00000)
  from space 12800K, 99% used [0x00000000dbb00000,0x00000000dc77bc38,0x00000000dc780000)
  to   space 10240K, 0% used [0x00000000dc780000,0x00000000dc780000,0x00000000dd180000)
 ParOldGen       total 63488K, used 25222K [0x0000000084a00000, 0x0000000088800000, 0x00000000d6e00000)
  object space 63488K, 39% used [0x0000000084a00000,0x00000000862a1b80,0x0000000088800000)
 Metaspace       used 24028K, capacity 24568K, committed 24832K, reserved 1071104K
  class space    used 2787K, capacity 2968K, committed 3072K, reserved 1048576K
}
Event: 10.354 GC heap before
{Heap before GC invocations=13 (full 1):
 PSYoungGen      total 91648K, used 91631K [0x00000000d6e00000, 0x00000000dd680000, 0x0000000100000000)
  eden space 78848K, 100% used [0x00000000d6e00000,0x00000000dbb00000,0x00000000dbb00000)
  from space 12800K, 99% used [0x00000000dbb00000,0x00000000dc77bc38,0x00000000dc780000)
  to   space 10240K, 0% used [0x00000000dc780000,0x00000000dc780000,0x00000000dd180000)
 ParOldGen       total 63488K, used 25222K [0x0000000084a00000, 0x0000000088800000, 0x00000000d6e00000)
  object space 63488K, 39% used [0x0000000084a00000,0x00000000862a1b80,0x0000000088800000)
 Metaspace       used 24028K, capacity 24568K, committed 24832K, reserved 1071104K
  class space    used 2787K, capacity 2968K, committed 3072K, reserved 1048576K
Event: 10.376 GC heap after
Heap after GC invocations=13 (full 1):
 PSYoungGen      total 89088K, used 10224K [0x00000000d6e00000, 0x00000000dd680000, 0x0000000100000000)
  eden space 78848K, 0% used [0x00000000d6e00000,0x00000000d6e00000,0x00000000dbb00000)
  from space 10240K, 99% used [0x00000000dc780000,0x00000000dd17c338,0x00000000dd180000)
  to   space 12800K, 0% used [0x00000000dbb00000,0x00000000dbb00000,0x00000000dc780000)
 ParOldGen       total 63488K, used 30830K [0x0000000084a00000, 0x0000000088800000, 0x00000000d6e00000)
  object space 63488K, 48% used [0x0000000084a00000,0x000000008681b9c0,0x0000000088800000)
 Metaspace       used 24028K, capacity 24568K, committed 24832K, reserved 1071104K
  class space    used 2787K, capacity 2968K, committed 3072K, reserved 1048576K
}
Event: 11.162 GC heap before
{Heap before GC invocations=14 (full 1):
 PSYoungGen      total 89088K, used 89072K [0x00000000d6e00000, 0x00000000dd680000, 0x0000000100000000)
  eden space 78848K, 100% used [0x00000000d6e00000,0x00000000dbb00000,0x00000000dbb00000)
  from space 10240K, 99% used [0x00000000dc780000,0x00000000dd17c338,0x00000000dd180000)
  to   space 12800K, 0% used [0x00000000dbb00000,0x00000000dbb00000,0x00000000dc780000)
 ParOldGen       total 63488K, used 30830K [0x0000000084a00000, 0x0000000088800000, 0x00000000d6e00000)
  object space 63488K, 48% used [0x0000000084a00000,0x000000008681b9c0,0x0000000088800000)
 Metaspace       used 24030K, capacity 24568K, committed 24832K, reserved 1071104K
  class space    used 2787K, capacity 2968K, committed 3072K, reserved 1048576K
Event: 11.191 GC heap after
Heap after GC invocations=14 (full 1):
 PSYoungGen      total 91648K, used 12791K [0x00000000d6e00000, 0x00000000dd680000, 0x0000000100000000)
  eden space 78848K, 0% used [0x00000000d6e00000,0x00000000d6e00000,0x00000000dbb00000)
  from space 12800K, 99% used [0x00000000dbb00000,0x00000000dc77dc28,0x00000000dc780000)
  to   space 10240K, 0% used [0x00000000dc780000,0x00000000dc780000,0x00000000dd180000)
 ParOldGen       total 63488K, used 34147K [0x0000000084a00000, 0x0000000088800000, 0x00000000d6e00000)
  object space 63488K, 53% used [0x0000000084a00000,0x0000000086b58de0,0x0000000088800000)
 Metaspace       used 24030K, capacity 24568K, committed 24832K, reserved 1071104K
  class space    used 2787K, capacity 2968K, committed 3072K, reserved 1048576K
}
Event: 11.801 GC heap before
{Heap before GC invocations=15 (full 1):
 PSYoungGen      total 91648K, used 91639K [0x00000000d6e00000, 0x00000000dd680000, 0x0000000100000000)
  eden space 78848K, 100% used [0x00000000d6e00000,0x00000000dbb00000,0x00000000dbb00000)
  from space 12800K, 99% used [0x00000000dbb00000,0x00000000dc77dc28,0x00000000dc780000)
  to   space 10240K, 0% used [0x00000000dc780000,0x00000000dc780000,0x00000000dd180000)
 ParOldGen       total 63488K, used 34147K [0x0000000084a00000, 0x0000000088800000, 0x00000000d6e00000)
  object space 63488K, 53% used [0x0000000084a00000,0x0000000086b58de0,0x0000000088800000)
 Metaspace       used 24036K, capacity 24568K, committed 24832K, reserved 1071104K
  class space    used 2788K, capacity 2968K, committed 3072K, reserved 1048576K
Event: 11.824 GC heap after
Heap after GC invocations=15 (full 1):
 PSYoungGen      total 89088K, used 10228K [0x00000000d6e00000, 0x00000000dd680000, 0x0000000100000000)
  eden space 78848K, 0% used [0x00000000d6e00000,0x00000000d6e00000,0x00000000dbb00000)
  from space 10240K, 99% used [0x00000000dc780000,0x00000000dd17d228,0x00000000dd180000)
  to   space 12800K, 0% used [0x00000000dbb00000,0x00000000dbb00000,0x00000000dc780000)
 ParOldGen       total 63488K, used 40223K [0x0000000084a00000, 0x0000000088800000, 0x00000000d6e00000)
  object space 63488K, 63% used [0x0000000084a00000,0x0000000087147c58,0x0000000088800000)
 Metaspace       used 24036K, capacity 24568K, committed 24832K, reserved 1071104K
  class space    used 2788K, capacity 2968K, committed 3072K, reserved 1048576K
}

