# JRE version: Java(TM) SE Runtime Environment (8.0_191-b12) (build 1.8.0_191-b12)
# Java VM: Java HotSpot(TM) 64-Bit Server VM (25.191-b12 mixed mode windows-amd64 compressed oops)
Heap:
 PSYoungGen      total 388608K, used 201525K [0x00000000d6e00000, 0x00000000f2700000, 0x0000000100000000)
  eden space 350208K, 46% used [0x00000000d6e00000,0x00000000e0d54fd8,0x00000000ec400000)
  from space 38400K, 99% used [0x00000000ef580000,0x00000000f1af84a8,0x00000000f1b00000)
  to   space 50688K, 0% used [0x00000000ec400000,0x00000000ec400000,0x00000000ef580000)
 ParOldGen       total 112128K, used 54795K [0x0000000084a00000, 0x000000008b780000, 0x00000000d6e00000)
  object space 112128K, 48% used [0x0000000084a00000,0x0000000087f82fe0,0x000000008b780000)
 Metaspace       used 44332K, capacity 45124K, committed 45568K, reserved 1089536K
  class space    used 5120K, capacity 5332K, committed 5376K, reserved 1048576K
GC Heap History (10 events):
Event: 14.303 GC heap before
{Heap before GC invocations=10 (full 1):
 PSYoungGen      total 201216K, used 201194K [0x00000000d6e00000, 0x00000000e6900000, 0x0000000100000000)
  eden space 184320K, 100% used [0x00000000d6e00000,0x00000000e2200000,0x00000000e2200000)
  from space 16896K, 99% used [0x00000000e3880000,0x00000000e48fa810,0x00000000e4900000)
  to   space 23040K, 0% used [0x00000000e2200000,0x00000000e2200000,0x00000000e3880000)
 ParOldGen       total 65536K, used 30549K [0x0000000084a00000, 0x0000000088a00000, 0x00000000d6e00000)
  object space 65536K, 46% used [0x0000000084a00000,0x00000000867d5650,0x0000000088a00000)
 Metaspace       used 24052K, capacity 24626K, committed 24832K, reserved 1071104K
  class space    used 2783K, capacity 2966K, committed 3072K, reserved 1048576K
Event: 14.384 GC heap after
Heap after GC invocations=10 (full 1):
 PSYoungGen      total 207360K, used 23035K [0x00000000d6e00000, 0x00000000ead00000, 0x0000000100000000)
  eden space 184320K, 0% used [0x00000000d6e00000,0x00000000d6e00000,0x00000000e2200000)
  from space 23040K, 99% used [0x00000000e2200000,0x00000000e387ef80,0x00000000e3880000)
  to   space 31744K, 0% used [0x00000000e8e00000,0x00000000e8e00000,0x00000000ead00000)
 ParOldGen       total 65536K, used 43278K [0x0000000084a00000, 0x0000000088a00000, 0x00000000d6e00000)
  object space 65536K, 66% used [0x0000000084a00000,0x0000000087443b50,0x0000000088a00000)
 Metaspace       used 24052K, capacity 24626K, committed 24832K, reserved 1071104K
  class space    used 2783K, capacity 2966K, committed 3072K, reserved 1048576K
}
Event: 15.655 GC heap before
{Heap before GC invocations=11 (full 1):
 PSYoungGen      total 207360K, used 207355K [0x00000000d6e00000, 0x00000000ead00000, 0x0000000100000000)
  eden space 184320K, 100% used [0x00000000d6e00000,0x00000000e2200000,0x00000000e2200000)
  from space 23040K, 99% used [0x00000000e2200000,0x00000000e387ef80,0x00000000e3880000)
  to   space 31744K, 0% used [0x00000000e8e00000,0x00000000e8e00000,0x00000000ead00000)
 ParOldGen       total 65536K, used 43278K [0x0000000084a00000, 0x0000000088a00000, 0x00000000d6e00000)
  object space 65536K, 66% used [0x0000000084a00000,0x0000000087443b50,0x0000000088a00000)
 Metaspace       used 24063K, capacity 24636K, committed 24832K, reserved 1071104K
  class space    used 2785K, capacity 2968K, committed 3072K, reserved 1048576K
Event: 15.709 GC heap after
Heap after GC invocations=11 (full 1):
 PSYoungGen      total 287232K, used 31738K [0x00000000d6e00000, 0x00000000ebe00000, 0x0000000100000000)
  eden space 255488K, 0% used [0x00000000d6e00000,0x00000000d6e00000,0x00000000e6780000)
  from space 31744K, 99% used [0x00000000e8e00000,0x00000000eacfe918,0x00000000ead00000)
  to   space 39424K, 0% used [0x00000000e6780000,0x00000000e6780000,0x00000000e8e00000)
 ParOldGen       total 65536K, used 50720K [0x0000000084a00000, 0x0000000088a00000, 0x00000000d6e00000)
  object space 65536K, 77% used [0x0000000084a00000,0x0000000087b880f8,0x0000000088a00000)
 Metaspace       used 24063K, capacity 24636K, committed 24832K, reserved 1071104K
  class space    used 2785K, capacity 2968K, committed 3072K, reserved 1048576K
}
Event: 20.443 GC heap before
{Heap before GC invocations=12 (full 1):
 PSYoungGen      total 287232K, used 198322K [0x00000000d6e00000, 0x00000000ebe00000, 0x0000000100000000)
  eden space 255488K, 65% used [0x00000000d6e00000,0x00000000e10adfe0,0x00000000e6780000)
  from space 31744K, 99% used [0x00000000e8e00000,0x00000000eacfe918,0x00000000ead00000)
  to   space 39424K, 0% used [0x00000000e6780000,0x00000000e6780000,0x00000000e8e00000)
 ParOldGen       total 65536K, used 50720K [0x0000000084a00000, 0x0000000088a00000, 0x00000000d6e00000)
  object space 65536K, 77% used [0x0000000084a00000,0x0000000087b880f8,0x0000000088a00000)
 Metaspace       used 34580K, capacity 35220K, committed 35416K, reserved 1081344K
  class space    used 4093K, capacity 4298K, committed 4352K, reserved 1048576K
Event: 20.494 GC heap after
Heap after GC invocations=12 (full 1):
 PSYoungGen      total 294912K, used 20172K [0x00000000d6e00000, 0x00000000f1b00000, 0x0000000100000000)
  eden space 255488K, 0% used [0x00000000d6e00000,0x00000000d6e00000,0x00000000e6780000)
  from space 39424K, 51% used [0x00000000e6780000,0x00000000e7b332d8,0x00000000e8e00000)
  to   space 38400K, 0% used [0x00000000ef580000,0x00000000ef580000,0x00000000f1b00000)
 ParOldGen       total 65536K, used 54080K [0x0000000084a00000, 0x0000000088a00000, 0x00000000d6e00000)
  object space 65536K, 82% used [0x0000000084a00000,0x0000000087ed00a0,0x0000000088a00000)
 Metaspace       used 34580K, capacity 35220K, committed 35416K, reserved 1081344K
  class space    used 4093K, capacity 4298K, committed 4352K, reserved 1048576K
}
Event: 20.494 GC heap before
{Heap before GC invocations=13 (full 2):
 PSYoungGen      total 294912K, used 20172K [0x00000000d6e00000, 0x00000000f1b00000, 0x0000000100000000)
  eden space 255488K, 0% used [0x00000000d6e00000,0x00000000d6e00000,0x00000000e6780000)
  from space 39424K, 51% used [0x00000000e6780000,0x00000000e7b332d8,0x00000000e8e00000)
  to   space 38400K, 0% used [0x00000000ef580000,0x00000000ef580000,0x00000000f1b00000)
 ParOldGen       total 65536K, used 54080K [0x0000000084a00000, 0x0000000088a00000, 0x00000000d6e00000)
  object space 65536K, 82% used [0x0000000084a00000,0x0000000087ed00a0,0x0000000088a00000)
 Metaspace       used 34580K, capacity 35220K, committed 35416K, reserved 1081344K
  class space    used 4093K, capacity 4298K, committed 4352K, reserved 1048576K
Event: 20.660 GC heap after
Heap after GC invocations=13 (full 2):
 PSYoungGen      total 294912K, used 0K [0x00000000d6e00000, 0x00000000f1b00000, 0x0000000100000000)
  eden space 255488K, 0% used [0x00000000d6e00000,0x00000000d6e00000,0x00000000e6780000)
  from space 39424K, 0% used [0x00000000e6780000,0x00000000e6780000,0x00000000e8e00000)
  to   space 38400K, 0% used [0x00000000ef580000,0x00000000ef580000,0x00000000f1b00000)
 ParOldGen       total 112128K, used 37491K [0x0000000084a00000, 0x000000008b780000, 0x00000000d6e00000)
  object space 112128K, 33% used [0x0000000084a00000,0x0000000086e9cfe0,0x000000008b780000)
 Metaspace       used 34580K, capacity 35220K, committed 35416K, reserved 1081344K
  class space    used 4093K, capacity 4298K, committed 4352K, reserved 1048576K
}
Event: 82.038 GC heap before
{Heap before GC invocations=14 (full 2):
 PSYoungGen      total 294912K, used 255488K [0x00000000d6e00000, 0x00000000f1b00000, 0x0000000100000000)
  eden space 255488K, 100% used [0x00000000d6e00000,0x00000000e6780000,0x00000000e6780000)
  from space 39424K, 0% used [0x00000000e6780000,0x00000000e6780000,0x00000000e8e00000)
  to   space 38400K, 0% used [0x00000000ef580000,0x00000000ef580000,0x00000000f1b00000)
 ParOldGen       total 112128K, used 37491K [0x0000000084a00000, 0x000000008b780000, 0x00000000d6e00000)
  object space 112128K, 33% used [0x0000000084a00000,0x0000000086e9cfe0,0x000000008b780000)
 Metaspace       used 44297K, capacity 45124K, committed 45568K, reserved 1089536K
  class space    used 5119K, capacity 5332K, committed 5376K, reserved 1048576K
Event: 82.145 GC heap after
Heap after GC invocations=14 (full 2):
 PSYoungGen      total 388608K, used 38369K [0x00000000d6e00000, 0x00000000f2700000, 0x0000000100000000)
  eden space 350208K, 0% used [0x00000000d6e00000,0x00000000d6e00000,0x00000000ec400000)
  from space 38400K, 99% used [0x00000000ef580000,0x00000000f1af84a8,0x00000000f1b00000)
  to   space 50688K, 0% used [0x00000000ec400000,0x00000000ec400000,0x00000000ef580000)
 ParOldGen       total 112128K, used 54795K [0x0000000084a00000, 0x000000008b780000, 0x00000000d6e00000)
  object space 112128K, 48% used [0x0000000084a00000,0x0000000087f82fe0,0x000000008b780000)
 Metaspace       used 44297K, capacity 45124K, committed 45568K, reserved 1089536K
  class space    used 5119K, capacity 5332K, committed 5376K, reserved 1048576K
}

